<?xml version="1.0" encoding="UTF-8"?>
<testng-results ignored="0" total="1" passed="1" failed="0" skipped="0">
  <reporter-output>
  </reporter-output>
  <suite started-at="2021-11-07T16:22:27 EST" name="Surefire suite" finished-at="2021-11-07T16:22:27 EST" duration-ms="73">
    <groups>
    </groups>
    <test started-at="2021-11-07T16:22:27 EST" name="Surefire test" finished-at="2021-11-07T16:22:27 EST" duration-ms="73">
      <class name="Homeproject.Firstpractice.AppTest">
        <test-method signature="shouldAnswerWithTrue()" started-at="2021-11-07T16:22:27 EST" name="shouldAnswerWithTrue" finished-at="2021-11-07T16:22:27 EST" duration-ms="8" status="PASS">
          <reporter-output>
          </reporter-output>
        </test-method> <!-- shouldAnswerWithTrue -->
      </class> <!-- Homeproject.Firstpractice.AppTest -->
    </test> <!-- Surefire test -->
  </suite> <!-- Surefire suite -->
</testng-results>
