<?xml version="1.0" encoding="UTF-8"?>
<!-- Generated by org.testng.reporters.JUnitXMLReporter -->
<testsuite ignored="0" hostname="LAPTOP-R5NV1QLO" failures="0" tests="1" name="Surefire test" time="0.071" errors="0" timestamp="2021-11-07T16:22:27 EST">
  <testcase classname="Homeproject.Firstpractice.FirstpageTest" name="@BeforeTest clickonmenu" time="0.015">
    <failure type="java.lang.NullPointerException">
      <![CDATA[java.lang.NullPointerException
at Resources.Baseclass.initiadriver(Baseclass.java:24)
at Homeproject.Firstpractice.FirstpageTest.clickonmenu(FirstpageTest.java:17)
... Removed 29 stack frames]]>
    </failure>
  </testcase> <!-- @BeforeTest clickonmenu -->
  <testcase classname="Homeproject.Firstpractice.FirstpageTest" name="firstclick" time="0.0">
    <skipped/>
  </testcase> <!-- firstclick -->
</testsuite> <!-- Surefire test -->
