-------------------------------------------------------------------------------
Test set: TestSuite
-------------------------------------------------------------------------------
Tests run: 3, Failures: 1, Errors: 0, Skipped: 1, Time elapsed: 0.823 s <<< FAILURE! - in TestSuite
clickonmenu(Homeproject.Firstpractice.FirstpageTest)  Time elapsed: 0.445 s  <<< FAILURE!
java.lang.NullPointerException
	at Homeproject.Firstpractice.FirstpageTest.clickonmenu(FirstpageTest.java:17)

