<?xml version="1.0" encoding="UTF-8"?>
<testsuite xmlns:xsi="http://www.w3.org/2001/XMLSchema-instance" xsi:noNamespaceSchemaLocation="https://maven.apache.org/surefire/maven-surefire-plugin/xsd/surefire-test-report.xsd" name="TestSuite" time="0.823" tests="3" errors="0" skipped="1" failures="1">
  <properties>
[...]
</properties>
  <testcase name="clickonmenu" classname="Homeproject.Firstpractice.FirstpageTest" time="0.445">
    <failure type="java.lang.NullPointerException">java.lang.NullPointerException
	at Homeproject.Firstpractice.FirstpageTest.clickonmenu(FirstpageTest.java:17)
</failure>
  </testcase>
  <testcase name="firstclick" classname="Homeproject.Firstpractice.FirstpageTest" time="0">
    <skipped/>
  </testcase>
  <testcase name="shouldAnswerWithTrue on shouldAnswerWithTrue(Homeproject.Firstpractice.AppTest)" classname="Homeproject.Firstpractice.AppTest" time="0.001"/>
</testsuite>